<?xml version="1.0" encoding="UTF-8"?>
<coverage generated="1577570621092" clover="3.2.0">
  <project timestamp="1577570621092" name="All files">
    <metrics statements="5" coveredstatements="5" conditionals="2" coveredconditionals="2" methods="2" coveredmethods="2" elements="9" coveredelements="9" complexity="0" loc="5" ncloc="5" packages="1" files="1" classes="1"/>
    <file name="app.js" path="J:\CODE\GitHub\ajs-9_regexp\src\app.js">
      <metrics statements="5" coveredstatements="5" conditionals="2" coveredconditionals="2" methods="2" coveredmethods="2"/>
      <line num="3" count="7" type="stmt"/>
      <line num="7" count="7" type="stmt"/>
      <line num="8" count="7" type="cond" truecount="2" falsecount="0"/>
      <line num="9" count="6" type="stmt"/>
      <line num="11" count="1" type="stmt"/>
    </file>
  </project>
</coverage>
