{"J:\\CODE\\GitHub\\ajs-9_regexp\\src\\app.js": {"path":"J:\\CODE\\GitHub\\ajs-9_regexp\\src\\app.js","statementMap":{"0":{"start":{"line":3,"column":4},"end":{"line":3,"column":49}},"1":{"start":{"line":7,"column":18},"end":{"line":7,"column":63}},"2":{"start":{"line":8,"column":4},"end":{"line":10,"column":5}},"3":{"start":{"line":9,"column":6},"end":{"line":9,"column":44}},"4":{"start":{"line":11,"column":4},"end":{"line":11,"column":16}}},"fnMap":{"0":{"name":"(anonymous_0)","decl":{"start":{"line":2,"column":2},"end":{"line":2,"column":3}},"loc":{"start":{"line":2,"column":20},"end":{"line":4,"column":3}},"line":2},"1":{"name":"(anonymous_1)","decl":{"start":{"line":6,"column":2},"end":{"line":6,"column":3}},"loc":{"start":{"line":6,"column":32},"end":{"line":12,"column":3}},"line":6}},"branchMap":{"0":{"loc":{"start":{"line":8,"column":4},"end":{"line":10,"column":5}},"type":"if","locations":[{"start":{"line":8,"column":4},"end":{"line":10,"column":5}},{"start":{"line":8,"column":4},"end":{"line":10,"column":5}}],"line":8}},"s":{"0":7,"1":7,"2":7,"3":6,"4":1},"f":{"0":7,"1":7},"b":{"0":[6,1]},"_coverageSchema":"43e27e138ebf9cfc5966b082cf9a028302ed4184","hash":"440c4c61736671dd45ab6aad677b5b61397e390e"}
}
